<?xml version="1.0" encoding="UTF-8"?>
<!-- Generated by org.testng.reporters.JUnitReportReporter -->
<testsuite hostname="DESKTOP-3EITVAF" failures="0" tests="1" name="Practice.oneTest" time="0.009" errors="0" timestamp="2022-08-29T15:38:52 IST" skipped="0">
  <testcase classname="Practice.oneTest" name="firstTest" time="0.009"/>
  <system-out/>
</testsuite> <!-- Practice.oneTest -->
