<?xml version="1.0" encoding="UTF-8"?>
<!-- Generated by org.testng.reporters.JUnitReportReporter -->
<testsuite hostname="DESKTOP-3EITVAF" failures="0" tests="1" name="Practice.twoTest" time="0.008" errors="0" timestamp="2022-08-29T15:39:08 IST" skipped="0">
  <testcase classname="Practice.twoTest" name="secondTest" time="0.008"/>
  <system-out/>
</testsuite> <!-- Practice.twoTest -->
