<?xml version="1.0" encoding="UTF-8"?>
<!-- Generated by org.testng.reporters.JUnitReportReporter -->
<testsuite hostname="DESKTOP-3EITVAF" failures="0" tests="1" name="Practice.fourTest" time="0.004" errors="0" timestamp="2022-08-29T15:39:08 IST" skipped="0">
  <testcase classname="Practice.fourTest" name="fourthTest" time="0.004"/>
  <system-out/>
</testsuite> <!-- Practice.fourTest -->
